<?xml version="1.0" encoding="UTF-8"?>
<testsuite name="Test" tests="2" skipped="0" failures="0" errors="0" timestamp="2024-09-09T17:45:50" hostname="10-252-167-191.student.trincoll.edu" time="0.003">
  <properties/>
  <testcase name="testNegative" classname="Test" time="0.003"/>
  <testcase name="testLargeNumber" classname="Test" time="0.0"/>
  <system-out><![CDATA[]]></system-out>
  <system-err><![CDATA[]]></system-err>
</testsuite>
