<?xml version="1.0" encoding="UTF-8"?>
<testsuite name="TestNamedArguments" tests="1" skipped="0" failures="0" errors="0" timestamp="2024-09-09T14:28:39" hostname="10-252-167-191.student.trincoll.edu" time="0.013">
  <properties/>
  <testcase name="testJoinToString" classname="TestNamedArguments" time="0.013"/>
  <system-out><![CDATA[]]></system-out>
  <system-err><![CDATA[]]></system-err>
</testsuite>
